*** Connected to server on 127.0.0.1 ***

Waiting for an opponent...

Welcome Eti!
You're playing against: Iosi.


My Board:                                            Iosi's Board:
    1   2   3   4   5   6   7   8   9   10   |||        1   2   3   4   5   6   7   8   9   10 
A   *   *   *   *   *   *   *   *   *   *    |||    A   *   *   *   *   *   *   *   *   *   *  
B   *   *   *   *   *   *   *   *   *   *    |||    B   *   *   *   *   *   *   *   *   *   *  
C   *   *   *   *   *   *   *   *   *   *    |||    C   *   *   *   *   *   *   *   *   *   *  
D   *   *   *   *   *   *   *   *   *   *    |||    D   *   *   *   *   *   *   *   *   *   *  
E   *   *   *   *   *   *   *   *   0   0    |||    E   *   *   *   *   *   *   *   *   *   *  
F   *   *   *   *   *   *   *   *   *   *    |||    F   *   *   *   *   *   *   *   *   *   *  
G   *   *   *   *   *   *   *   *   *   *    |||    G   *   *   *   *   *   *   *   *   *   *  
H   *   *   *   *   *   *   *   *   *   *    |||    H   *   *   *   *   *   *   *   *   *   *  
I   *   *   *   *   *   *   *   *   *   *    |||    I   *   *   *   *   *   *   *   *   *   *  
J   *   *   *   *   *   *   *   *   *   *    |||    J   *   *   *   *   *   *   *   *   *   *  

Iosi plays: E 9

My Board:                                            Iosi's Board:
    1   2   3   4   5   6   7   8   9   10   |||        1   2   3   4   5   6   7   8   9   10 
A   *   *   *   *   *   *   *   *   *   *    |||    A   *   *   *   *   *   *   *   *   *   *  
B   *   *   *   *   *   *   *   *   *   *    |||    B   *   *   *   *   *   *   *   *   *   *  
C   *   *   *   *   *   *   *   *   *   *    |||    C   *   *   *   *   *   *   *   *   *   *  
D   *   *   *   *   *   *   *   *   *   *    |||    D   *   *   *   *   *   *   *   *   *   *  
E   *   *   *   *   *   *   *   *   H   0    |||    E   *   *   *   *   *   *   *   *   *   *  
F   *   *   *   *   *   *   *   *   *   *    |||    F   *   *   *   *   *   *   *   *   *   *  
G   *   *   *   *   *   *   *   *   *   *    |||    G   *   *   *   *   *   *   *   *   *   *  
H   *   *   *   *   *   *   *   *   *   *    |||    H   *   *   *   *   *   *   *   *   *   *  
I   *   *   *   *   *   *   *   *   *   *    |||    I   *   *   *   *   *   *   *   *   *   *  
J   *   *   *   *   *   *   *   *   *   *    |||    J   *   *   *   *   *   *   *   *   *   *  

It's your turn...

My Board:                                            Iosi's Board:
    1   2   3   4   5   6   7   8   9   10   |||        1   2   3   4   5   6   7   8   9   10 
A   *   *   *   *   *   *   *   *   *   *    |||    A   H   *   *   *   *   *   *   *   *   *  
B   *   *   *   *   *   *   *   *   *   *    |||    B   *   *   *   *   *   *   *   *   *   *  
C   *   *   *   *   *   *   *   *   *   *    |||    C   *   *   *   *   *   *   *   *   *   *  
D   *   *   *   *   *   *   *   *   *   *    |||    D   *   *   *   *   *   *   *   *   *   *  
E   *   *   *   *   *   *   *   *   H   0    |||    E   *   *   *   *   *   *   *   *   *   *  
F   *   *   *   *   *   *   *   *   *   *    |||    F   *   *   *   *   *   *   *   *   *   *  
G   *   *   *   *   *   *   *   *   *   *    |||    G   *   *   *   *   *   *   *   *   *   *  
H   *   *   *   *   *   *   *   *   *   *    |||    H   *   *   *   *   *   *   *   *   *   *  
I   *   *   *   *   *   *   *   *   *   *    |||    I   *   *   *   *   *   *   *   *   *   *  
J   *   *   *   *   *   *   *   *   *   *    |||    J   *   *   *   *   *   *   *   *   *   *  

Iosi plays: E 10

My Board:                                            Iosi's Board:
    1   2   3   4   5   6   7   8   9   10   |||        1   2   3   4   5   6   7   8   9   10 
A   *   *   *   *   *   *   *   *   *   *    |||    A   H   *   *   *   *   *   *   *   *   *  
B   *   *   *   *   *   *   *   *   *   *    |||    B   *   *   *   *   *   *   *   *   *   *  
C   *   *   *   *   *   *   *   *   *   *    |||    C   *   *   *   *   *   *   *   *   *   *  
D   *   *   *   *   *   *   *   X   X   X    |||    D   *   *   *   *   *   *   *   *   *   *  
E   *   *   *   *   *   *   *   X   H   H    |||    E   *   *   *   *   *   *   *   *   *   *  
F   *   *   *   *   *   *   *   X   X   X    |||    F   *   *   *   *   *   *   *   *   *   *  
G   *   *   *   *   *   *   *   *   *   *    |||    G   *   *   *   *   *   *   *   *   *   *  
H   *   *   *   *   *   *   *   *   *   *    |||    H   *   *   *   *   *   *   *   *   *   *  
I   *   *   *   *   *   *   *   *   *   *    |||    I   *   *   *   *   *   *   *   *   *   *  
J   *   *   *   *   *   *   *   *   *   *    |||    J   *   *   *   *   *   *   *   *   *   *  

You lost :(

*** Goodbye... ***
