*** Connected to server on 127.0.0.1 ***

Waiting for an opponent...

Welcome Iosi!
You're playing against: Eti.


My Board:                                             Eti's Board:
    1   2   3   4   5   6   7   8   9   10   |||        1   2   3   4   5   6   7   8   9   10 
A   0   0   *   *   *   *   *   *   *   *    |||    A   *   *   *   *   *   *   *   *   *   *  
B   *   0   *   *   *   *   *   *   *   *    |||    B   *   *   *   *   *   *   *   *   *   *  
C   *   *   *   *   *   *   *   *   *   *    |||    C   *   *   *   *   *   *   *   *   *   *  
D   *   *   *   *   *   *   *   *   *   *    |||    D   *   *   *   *   *   *   *   *   *   *  
E   *   *   *   *   *   *   *   *   *   *    |||    E   *   *   *   *   *   *   *   *   *   *  
F   *   *   *   *   *   *   *   *   *   *    |||    F   *   *   *   *   *   *   *   *   *   *  
G   *   *   *   *   *   *   *   *   *   *    |||    G   *   *   *   *   *   *   *   *   *   *  
H   *   *   *   *   *   *   *   *   *   *    |||    H   *   *   *   *   *   *   *   *   *   *  
I   *   *   *   *   *   *   *   *   *   *    |||    I   *   *   *   *   *   *   *   *   *   *  
J   *   *   *   *   *   *   *   *   *   *    |||    J   *   *   *   *   *   *   *   *   *   *  

It's your turn...

My Board:                                             Eti's Board:
    1   2   3   4   5   6   7   8   9   10   |||        1   2   3   4   5   6   7   8   9   10 
A   0   0   *   *   *   *   *   *   *   *    |||    A   *   *   *   *   *   *   *   *   *   *  
B   *   0   *   *   *   *   *   *   *   *    |||    B   *   *   *   *   *   *   *   *   *   *  
C   *   *   *   *   *   *   *   *   *   *    |||    C   *   *   *   *   *   *   *   *   *   *  
D   *   *   *   *   *   *   *   *   *   *    |||    D   *   *   *   *   *   *   *   *   *   *  
E   *   *   *   *   *   *   *   *   *   *    |||    E   *   *   *   *   *   *   *   *   H   *  
F   *   *   *   *   *   *   *   *   *   *    |||    F   *   *   *   *   *   *   *   *   *   *  
G   *   *   *   *   *   *   *   *   *   *    |||    G   *   *   *   *   *   *   *   *   *   *  
H   *   *   *   *   *   *   *   *   *   *    |||    H   *   *   *   *   *   *   *   *   *   *  
I   *   *   *   *   *   *   *   *   *   *    |||    I   *   *   *   *   *   *   *   *   *   *  
J   *   *   *   *   *   *   *   *   *   *    |||    J   *   *   *   *   *   *   *   *   *   *  

Eti plays: A 1

My Board:                                             Eti's Board:
    1   2   3   4   5   6   7   8   9   10   |||        1   2   3   4   5   6   7   8   9   10 
A   H   0   *   *   *   *   *   *   *   *    |||    A   *   *   *   *   *   *   *   *   *   *  
B   *   0   *   *   *   *   *   *   *   *    |||    B   *   *   *   *   *   *   *   *   *   *  
C   *   *   *   *   *   *   *   *   *   *    |||    C   *   *   *   *   *   *   *   *   *   *  
D   *   *   *   *   *   *   *   *   *   *    |||    D   *   *   *   *   *   *   *   *   *   *  
E   *   *   *   *   *   *   *   *   *   *    |||    E   *   *   *   *   *   *   *   *   H   *  
F   *   *   *   *   *   *   *   *   *   *    |||    F   *   *   *   *   *   *   *   *   *   *  
G   *   *   *   *   *   *   *   *   *   *    |||    G   *   *   *   *   *   *   *   *   *   *  
H   *   *   *   *   *   *   *   *   *   *    |||    H   *   *   *   *   *   *   *   *   *   *  
I   *   *   *   *   *   *   *   *   *   *    |||    I   *   *   *   *   *   *   *   *   *   *  
J   *   *   *   *   *   *   *   *   *   *    |||    J   *   *   *   *   *   *   *   *   *   *  

It's your turn...

My Board:                                             Eti's Board:
    1   2   3   4   5   6   7   8   9   10   |||        1   2   3   4   5   6   7   8   9   10 
A   H   0   *   *   *   *   *   *   *   *    |||    A   *   *   *   *   *   *   *   *   *   *  
B   *   0   *   *   *   *   *   *   *   *    |||    B   *   *   *   *   *   *   *   *   *   *  
C   *   *   *   *   *   *   *   *   *   *    |||    C   *   *   *   *   *   *   *   *   *   *  
D   *   *   *   *   *   *   *   *   *   *    |||    D   *   *   *   *   *   *   *   X   X   X  
E   *   *   *   *   *   *   *   *   *   *    |||    E   *   *   *   *   *   *   *   X   H   H  
F   *   *   *   *   *   *   *   *   *   *    |||    F   *   *   *   *   *   *   *   X   X   X  
G   *   *   *   *   *   *   *   *   *   *    |||    G   *   *   *   *   *   *   *   *   *   *  
H   *   *   *   *   *   *   *   *   *   *    |||    H   *   *   *   *   *   *   *   *   *   *  
I   *   *   *   *   *   *   *   *   *   *    |||    I   *   *   *   *   *   *   *   *   *   *  
J   *   *   *   *   *   *   *   *   *   *    |||    J   *   *   *   *   *   *   *   *   *   *  

You won!

*** Goodbye... ***
